<?xml version="1.0" encoding="UTF-8"?>
<!-- Generated by org.testng.reporters.JUnitReportReporter -->
<testsuite hostname="Keshav" failures="0" tests="1" name="TestRunner.TestRunner_ClockOut" time="35.937" errors="0" timestamp="2021-11-14T10:28:14 IST" skipped="0">
  <testcase classname="TestRunner.TestRunner_ClockOut" name="runScenario" time="35.937"/>
  <system-out/>
</testsuite> <!-- TestRunner.TestRunner_ClockOut -->
