<?xml version="1.0" encoding="UTF-8"?>
<!-- Generated by org.testng.reporters.JUnitReportReporter -->
<testsuite hostname="Keshav" failures="0" tests="1" name="TestRunner.TestRunner" time="17.277" errors="0" timestamp="2021-11-14T10:14:17 IST" skipped="0">
  <testcase classname="TestRunner.TestRunner" name="runScenario" time="17.277"/>
  <system-out/>
</testsuite> <!-- TestRunner.TestRunner -->
