<?xml version="1.0" encoding="UTF-8"?>
<!-- Generated by org.testng.reporters.JUnitReportReporter -->
<testsuite hostname="Keshav" failures="0" tests="1" name="TestRunner.TestRunner" time="26.625" errors="0" timestamp="2021-11-14T17:11:16 IST" skipped="0">
  <testcase classname="TestRunner.TestRunner" name="runScenario" time="26.625"/>
  <system-out/>
</testsuite> <!-- TestRunner.TestRunner -->
